<?xml version="1.0"?><catalog><movie><title>Ant Man</title><rating>PG-13</rating><length>1:57</length></movie></catalog>
